#-----------------------------------------------------------
# Vivado v2020.2 (64-bit)
# SW Build 3064766 on Wed Nov 18 09:12:45 MST 2020
# IP Build 3064653 on Wed Nov 18 14:17:31 MST 2020
# Start of session at: Thu Apr 17 14:00:45 2025
# Process ID: 10048
# Current directory: C:/work/CPU Design and Verification/250410_ALL_Type_fixed/250410_ALL_Type_check/250410_ALL_Type/250414_RISC_V_ALL
# Command line: vivado.exe -gui_launcher_event rodinguilauncherevent9188 C:\work\CPU Design and Verification\250410_ALL_Type_fixed\250410_ALL_Type_check\250410_ALL_Type\250414_RISC_V_ALL\250414_RISC_V_ALL.xpr
# Log file: C:/work/CPU Design and Verification/250410_ALL_Type_fixed/250410_ALL_Type_check/250410_ALL_Type/250414_RISC_V_ALL/vivado.log
# Journal file: C:/work/CPU Design and Verification/250410_ALL_Type_fixed/250410_ALL_Type_check/250410_ALL_Type/250414_RISC_V_ALL\vivado.jou
#-----------------------------------------------------------
start_gui
open_project {C:/work/CPU Design and Verification/250410_ALL_Type_fixed/250410_ALL_Type_check/250410_ALL_Type/250414_RISC_V_ALL/250414_RISC_V_ALL.xpr}
INFO: [ProjectBase 1-489] The host OS only allows 260 characters in a normal path. The project is stored in a path with more than 80 characters. If you experience issues with IP, Block Designs, or files not being found, please consider moving the project to a location with a shorter path. Alternately consider using the OS subst command to map part of the path to a drive letter.
Current project path is 'C:/work/CPU Design and Verification/250410_ALL_Type_fixed/250410_ALL_Type_check/250410_ALL_Type/250414_RISC_V_ALL'
WARNING: [filemgmt 56-3] Default IP Output Path : Could not find the directory 'C:/work/CPU Design and Verification/250410_ALL_Type_fixed/250410_ALL_Type_check/250410_ALL_Type/250414_RISC_V_ALL/250414_RISC_V_ALL.gen/sources_1'.
Scanning sources...
Finished scanning sources
INFO: [IP_Flow 19-234] Refreshing IP repositories
INFO: [IP_Flow 19-1704] No user IP repositories specified
INFO: [IP_Flow 19-2313] Loaded Vivado IP repository 'C:/Xilinx/Vivado/2020.2/data/ip'.
update_compile_order -fileset sources_1
launch_simulation
Command: launch_simulation 
INFO: [Vivado 12-5682] Launching behavioral simulation in 'C:/work/CPU Design and Verification/250410_ALL_Type_fixed/250410_ALL_Type_check/250410_ALL_Type/250414_RISC_V_ALL/250414_RISC_V_ALL.sim/sim_1/behav/xsim'
INFO: [SIM-utils-51] Simulation object is 'sim_1'
INFO: [SIM-utils-54] Inspecting design source files for 'tb_RV32I' in fileset 'sim_1'...
INFO: [SIM-utils-43] Exported 'C:/work/CPU Design and Verification/250410_ALL_Type_fixed/250410_ALL_Type_check/250410_ALL_Type/250414_RISC_V_ALL/250414_RISC_V_ALL.sim/sim_1/behav/xsim/code.mem'
INFO: [USF-XSim-97] Finding global include files...
INFO: [USF-XSim-98] Fetching design files from 'sim_1'...
INFO: [USF-XSim-2] XSim::Compile design
INFO: [USF-XSim-61] Executing 'COMPILE and ANALYZE' step in 'C:/work/CPU Design and Verification/250410_ALL_Type_fixed/250410_ALL_Type_check/250410_ALL_Type/250414_RISC_V_ALL/250414_RISC_V_ALL.sim/sim_1/behav/xsim'
"xvlog --incr --relax -L uvm -prj tb_RV32I_vlog.prj"
INFO: [USF-XSim-69] 'compile' step finished in '1' seconds
INFO: [USF-XSim-3] XSim::Elaborate design
INFO: [USF-XSim-61] Executing 'ELABORATE' step in 'C:/work/CPU Design and Verification/250410_ALL_Type_fixed/250410_ALL_Type_check/250410_ALL_Type/250414_RISC_V_ALL/250414_RISC_V_ALL.sim/sim_1/behav/xsim'
"xelab -wto c06a030fa1a64229aee400c268cb12f6 --incr --debug typical --relax --mt 2 -L xil_defaultlib -L uvm -L unisims_ver -L unimacro_ver -L secureip --snapshot tb_RV32I_behav xil_defaultlib.tb_RV32I xil_defaultlib.glbl -log elaborate.log"
Vivado Simulator 2020.2
Copyright 1986-1999, 2001-2020 Xilinx, Inc. All Rights Reserved.
Running: C:/Xilinx/Vivado/2020.2/bin/unwrapped/win64.o/xelab.exe -wto c06a030fa1a64229aee400c268cb12f6 --incr --debug typical --relax --mt 2 -L xil_defaultlib -L uvm -L unisims_ver -L unimacro_ver -L secureip --snapshot tb_RV32I_behav xil_defaultlib.tb_RV32I xil_defaultlib.glbl -log elaborate.log 
Using 2 slave threads.
Starting static elaboration
Pass Through NonSizing Optimizer
Completed static elaboration
INFO: [XSIM 43-4323] No Change in HDL. Linking previously generated obj files to create kernel
INFO: [USF-XSim-69] 'elaborate' step finished in '1' seconds
INFO: [USF-XSim-4] XSim::Simulate design
INFO: [USF-XSim-61] Executing 'SIMULATE' step in 'C:/work/CPU Design and Verification/250410_ALL_Type_fixed/250410_ALL_Type_check/250410_ALL_Type/250414_RISC_V_ALL/250414_RISC_V_ALL.sim/sim_1/behav/xsim'
INFO: [USF-XSim-98] *** Running xsim
   with args "tb_RV32I_behav -key {Behavioral:sim_1:Functional:tb_RV32I} -tclbatch {tb_RV32I.tcl} -log {simulate.log}"
INFO: [USF-XSim-8] Loading simulator feature
Vivado Simulator 2020.2
Time resolution is 1 ps
source tb_RV32I.tcl
# set curr_wave [current_wave_config]
# if { [string length $curr_wave] == 0 } {
#   if { [llength [get_objects]] > 0} {
#     add_wave /
#     set_property needs_save false [current_wave_config]
#   } else {
#      send_msg_id Add_Wave-1 WARNING "No top level signals found. Simulator will start without a wave window. If you want to open a wave window go to 'File->New Waveform Configuration' or type 'create_wave_config' in the TCL console."
#   }
# }
# run 1000ns
INFO: [USF-XSim-96] XSim completed. Design snapshot 'tb_RV32I_behav' loaded.
INFO: [USF-XSim-97] XSim simulation ran for 1000ns
restart
INFO: [Simtcl 6-17] Simulation restarted
run 100 ms
run: Time (s): cpu = 00:00:10 ; elapsed = 00:00:09 . Memory (MB): peak = 1106.281 ; gain = 0.000
close_sim
INFO: [Simtcl 6-16] Simulation closed
exit
INFO: [Common 17-206] Exiting Vivado at Thu Apr 17 14:13:01 2025...
