#-----------------------------------------------------------
# Vivado v2020.2 (64-bit)
# SW Build 3064766 on Wed Nov 18 09:12:45 MST 2020
# IP Build 3064653 on Wed Nov 18 14:17:31 MST 2020
# Start of session at: Thu Apr 24 15:14:28 2025
# Process ID: 11896
# Current directory: C:/work/VerilogHDL/250328_total
# Command line: vivado.exe -gui_launcher_event rodinguilauncherevent16032 C:\work\VerilogHDL\250328_total\250328_total.xpr
# Log file: C:/work/VerilogHDL/250328_total/vivado.log
# Journal file: C:/work/VerilogHDL/250328_total\vivado.jou
#-----------------------------------------------------------
start_gui
open_project C:/work/VerilogHDL/250328_total/250328_total.xpr
INFO: [Project 1-313] Project file moved from 'C:/work/verilog/250328_total' since last save.
WARNING: [filemgmt 56-2] Default IP Output Path : Could not find the directory 'C:/work/VerilogHDL/250328_total/250328_total.gen/sources_1', nor could it be found using path 'C:/work/verilog/250328_total/250328_total.gen/sources_1'.
Scanning sources...
Finished scanning sources
INFO: [IP_Flow 19-234] Refreshing IP repositories
INFO: [IP_Flow 19-1704] No user IP repositories specified
INFO: [IP_Flow 19-2313] Loaded Vivado IP repository 'C:/Xilinx/Vivado/2020.2/data/ip'.
open_project: Time (s): cpu = 00:00:09 ; elapsed = 00:00:05 . Memory (MB): peak = 1085.750 ; gain = 0.000
update_compile_order -fileset sources_1
exit
INFO: [Common 17-206] Exiting Vivado at Thu Apr 24 15:16:01 2025...
