#-----------------------------------------------------------
# Vivado v2020.2 (64-bit)
# SW Build 3064766 on Wed Nov 18 09:12:45 MST 2020
# IP Build 3064653 on Wed Nov 18 14:17:31 MST 2020
# Start of session at: Wed Jun 11 09:13:20 2025
# Process ID: 23144
# Current directory: C:/work/VGA/250605_Face_Recognition
# Command line: vivado.exe -gui_launcher_event rodinguilauncherevent3372 C:\work\VGA\250605_Face_Recognition\250605_Face_Recognition.xpr
# Log file: C:/work/VGA/250605_Face_Recognition/vivado.log
# Journal file: C:/work/VGA/250605_Face_Recognition\vivado.jou
#-----------------------------------------------------------
start_gui
open_project C:/work/VGA/250605_Face_Recognition/250605_Face_Recognition.xpr
WARNING: [filemgmt 56-3] Default IP Output Path : Could not find the directory 'C:/work/VGA/250605_Face_Recognition/250605_Face_Recognition.gen/sources_1'.
Scanning sources...
Finished scanning sources
INFO: [IP_Flow 19-234] Refreshing IP repositories
INFO: [IP_Flow 19-1704] No user IP repositories specified
INFO: [IP_Flow 19-2313] Loaded Vivado IP repository 'C:/Xilinx/Vivado/2020.2/data/ip'.
update_compile_order -fileset sources_1
reset_run synth_1
launch_runs impl_1 -to_step write_bitstream -jobs 16
[Wed Jun 11 09:30:28 2025] Launched synth_1...
Run output will be captured here: C:/work/VGA/250605_Face_Recognition/250605_Face_Recognition.runs/synth_1/runme.log
[Wed Jun 11 09:30:28 2025] Launched impl_1...
Run output will be captured here: C:/work/VGA/250605_Face_Recognition/250605_Face_Recognition.runs/impl_1/runme.log
open_hw_manager
connect_hw_server -allow_non_jtag
INFO: [Labtools 27-2285] Connecting to hw_server url TCP:localhost:3121
INFO: [Labtools 27-2222] Launching hw_server...
INFO: [Labtools 27-2221] Launch Output:

****** Xilinx hw_server v2020.2
  **** Build date : Nov 18 2020 at 10:01:48
    ** Copyright 1986-2020 Xilinx, Inc. All Rights Reserved.


INFO: [Labtools 27-3415] Connecting to cs_server url TCP:localhost:3042
INFO: [Labtools 27-3417] Launching cs_server...
INFO: [Labtools 27-2221] Launch Output:


******** Xilinx cs_server v2020.2
  ****** Build date   : Nov 04 2020-06:02:56
    **** Build number : 2020.2.1604437376
      ** Copyright 2017-2020 Xilinx, Inc. All Rights Reserved.



connect_hw_server: Time (s): cpu = 00:00:01 ; elapsed = 00:00:07 . Memory (MB): peak = 1103.188 ; gain = 0.000
open_hw_target
INFO: [Labtoolstcl 44-466] Opening hw_target localhost:3121/xilinx_tcf/Digilent/210183BB7A2CA
set_property PROGRAM.FILE {C:/work/VGA/250605_Face_Recognition/250605_Face_Recognition.runs/impl_1/TOP_System.bit} [get_hw_devices xc7a35t_0]
current_hw_device [get_hw_devices xc7a35t_0]
refresh_hw_device -update_hw_probes false [lindex [get_hw_devices xc7a35t_0] 0]
INFO: [Labtools 27-1435] Device xc7a35t (JTAG device index = 0) is not programmed (DONE status = 0).
set_property PROBES.FILE {} [get_hw_devices xc7a35t_0]
set_property FULL_PROBES.FILE {} [get_hw_devices xc7a35t_0]
set_property PROGRAM.FILE {C:/work/VGA/250605_Face_Recognition/250605_Face_Recognition.runs/impl_1/TOP_System.bit} [get_hw_devices xc7a35t_0]
program_hw_devices [get_hw_devices xc7a35t_0]
INFO: [Labtools 27-3164] End of startup status: HIGH
refresh_hw_device [lindex [get_hw_devices xc7a35t_0] 0]
INFO: [Labtools 27-1434] Device xc7a35t (JTAG device index = 0) is programmed with a design that has no supported debug core(s) in it.
reset_run synth_1
launch_runs impl_1 -to_step write_bitstream -jobs 16
[Wed Jun 11 09:39:36 2025] Launched synth_1...
Run output will be captured here: C:/work/VGA/250605_Face_Recognition/250605_Face_Recognition.runs/synth_1/runme.log
[Wed Jun 11 09:39:36 2025] Launched impl_1...
Run output will be captured here: C:/work/VGA/250605_Face_Recognition/250605_Face_Recognition.runs/impl_1/runme.log
set_property PROBES.FILE {} [get_hw_devices xc7a35t_0]
set_property FULL_PROBES.FILE {} [get_hw_devices xc7a35t_0]
set_property PROGRAM.FILE {C:/work/VGA/250605_Face_Recognition/250605_Face_Recognition.runs/impl_1/TOP_System.bit} [get_hw_devices xc7a35t_0]
program_hw_devices [get_hw_devices xc7a35t_0]
INFO: [Labtools 27-3164] End of startup status: HIGH
refresh_hw_device [lindex [get_hw_devices xc7a35t_0] 0]
INFO: [Labtools 27-1434] Device xc7a35t (JTAG device index = 0) is programmed with a design that has no supported debug core(s) in it.
reset_run synth_1
launch_runs impl_1 -to_step write_bitstream -jobs 16
[Wed Jun 11 09:46:35 2025] Launched synth_1...
Run output will be captured here: C:/work/VGA/250605_Face_Recognition/250605_Face_Recognition.runs/synth_1/runme.log
[Wed Jun 11 09:46:35 2025] Launched impl_1...
Run output will be captured here: C:/work/VGA/250605_Face_Recognition/250605_Face_Recognition.runs/impl_1/runme.log
update_compile_order -fileset sources_1
update_compile_order -fileset sources_1
reset_run impl_1
reset_run synth_1
launch_runs impl_1 -to_step write_bitstream -jobs 16
[Wed Jun 11 09:47:55 2025] Launched synth_1...
Run output will be captured here: C:/work/VGA/250605_Face_Recognition/250605_Face_Recognition.runs/synth_1/runme.log
[Wed Jun 11 09:47:55 2025] Launched impl_1...
Run output will be captured here: C:/work/VGA/250605_Face_Recognition/250605_Face_Recognition.runs/impl_1/runme.log
set_property PROBES.FILE {} [get_hw_devices xc7a35t_0]
set_property FULL_PROBES.FILE {} [get_hw_devices xc7a35t_0]
set_property PROGRAM.FILE {C:/work/VGA/250605_Face_Recognition/250605_Face_Recognition.runs/impl_1/TOP_System.bit} [get_hw_devices xc7a35t_0]
program_hw_devices [get_hw_devices xc7a35t_0]
INFO: [Labtools 27-3164] End of startup status: HIGH
refresh_hw_device [lindex [get_hw_devices xc7a35t_0] 0]
INFO: [Labtools 27-1434] Device xc7a35t (JTAG device index = 0) is programmed with a design that has no supported debug core(s) in it.
reset_run synth_1
launch_runs impl_1 -to_step write_bitstream -jobs 16
[Wed Jun 11 09:56:30 2025] Launched synth_1...
Run output will be captured here: C:/work/VGA/250605_Face_Recognition/250605_Face_Recognition.runs/synth_1/runme.log
[Wed Jun 11 09:56:30 2025] Launched impl_1...
Run output will be captured here: C:/work/VGA/250605_Face_Recognition/250605_Face_Recognition.runs/impl_1/runme.log
reset_run synth_1
WARNING: [Vivado 12-1017] Problems encountered:
1. PID not specified
2. Failed to delete one or more files in run directory C:/work/VGA/250605_Face_Recognition/250605_Face_Recognition.runs/synth_1

launch_runs impl_1 -to_step write_bitstream -jobs 16
[Wed Jun 11 09:58:08 2025] Launched synth_1...
Run output will be captured here: C:/work/VGA/250605_Face_Recognition/250605_Face_Recognition.runs/synth_1/runme.log
[Wed Jun 11 09:58:08 2025] Launched impl_1...
Run output will be captured here: C:/work/VGA/250605_Face_Recognition/250605_Face_Recognition.runs/impl_1/runme.log
set_property PROBES.FILE {} [get_hw_devices xc7a35t_0]
set_property FULL_PROBES.FILE {} [get_hw_devices xc7a35t_0]
set_property PROGRAM.FILE {C:/work/VGA/250605_Face_Recognition/250605_Face_Recognition.runs/impl_1/TOP_System.bit} [get_hw_devices xc7a35t_0]
program_hw_devices [get_hw_devices xc7a35t_0]
INFO: [Labtools 27-3164] End of startup status: HIGH
refresh_hw_device [lindex [get_hw_devices xc7a35t_0] 0]
INFO: [Labtools 27-1434] Device xc7a35t (JTAG device index = 0) is programmed with a design that has no supported debug core(s) in it.
reset_run synth_1
launch_runs impl_1 -to_step write_bitstream -jobs 16
[Wed Jun 11 10:08:30 2025] Launched synth_1...
Run output will be captured here: C:/work/VGA/250605_Face_Recognition/250605_Face_Recognition.runs/synth_1/runme.log
[Wed Jun 11 10:08:30 2025] Launched impl_1...
Run output will be captured here: C:/work/VGA/250605_Face_Recognition/250605_Face_Recognition.runs/impl_1/runme.log
set_property PROBES.FILE {} [get_hw_devices xc7a35t_0]
set_property FULL_PROBES.FILE {} [get_hw_devices xc7a35t_0]
set_property PROGRAM.FILE {C:/work/VGA/250605_Face_Recognition/250605_Face_Recognition.runs/impl_1/TOP_System.bit} [get_hw_devices xc7a35t_0]
program_hw_devices [get_hw_devices xc7a35t_0]
INFO: [Labtools 27-3164] End of startup status: HIGH
refresh_hw_device [lindex [get_hw_devices xc7a35t_0] 0]
INFO: [Labtools 27-1434] Device xc7a35t (JTAG device index = 0) is programmed with a design that has no supported debug core(s) in it.
reset_run synth_1
launch_runs impl_1 -to_step write_bitstream -jobs 16
[Wed Jun 11 10:15:08 2025] Launched synth_1...
Run output will be captured here: C:/work/VGA/250605_Face_Recognition/250605_Face_Recognition.runs/synth_1/runme.log
[Wed Jun 11 10:15:09 2025] Launched impl_1...
Run output will be captured here: C:/work/VGA/250605_Face_Recognition/250605_Face_Recognition.runs/impl_1/runme.log
set_property PROBES.FILE {} [get_hw_devices xc7a35t_0]
set_property FULL_PROBES.FILE {} [get_hw_devices xc7a35t_0]
set_property PROGRAM.FILE {C:/work/VGA/250605_Face_Recognition/250605_Face_Recognition.runs/impl_1/TOP_System.bit} [get_hw_devices xc7a35t_0]
program_hw_devices [get_hw_devices xc7a35t_0]
INFO: [Labtools 27-3164] End of startup status: HIGH
refresh_hw_device [lindex [get_hw_devices xc7a35t_0] 0]
INFO: [Labtools 27-1434] Device xc7a35t (JTAG device index = 0) is programmed with a design that has no supported debug core(s) in it.
reset_run synth_1
launch_runs impl_1 -to_step write_bitstream -jobs 16
[Wed Jun 11 10:40:06 2025] Launched synth_1...
Run output will be captured here: C:/work/VGA/250605_Face_Recognition/250605_Face_Recognition.runs/synth_1/runme.log
[Wed Jun 11 10:40:06 2025] Launched impl_1...
Run output will be captured here: C:/work/VGA/250605_Face_Recognition/250605_Face_Recognition.runs/impl_1/runme.log
set_property PROBES.FILE {} [get_hw_devices xc7a35t_0]
set_property FULL_PROBES.FILE {} [get_hw_devices xc7a35t_0]
set_property PROGRAM.FILE {C:/work/VGA/250605_Face_Recognition/250605_Face_Recognition.runs/impl_1/TOP_System.bit} [get_hw_devices xc7a35t_0]
program_hw_devices [get_hw_devices xc7a35t_0]
INFO: [Labtools 27-3164] End of startup status: HIGH
refresh_hw_device [lindex [get_hw_devices xc7a35t_0] 0]
INFO: [Labtools 27-1434] Device xc7a35t (JTAG device index = 0) is programmed with a design that has no supported debug core(s) in it.
reset_run synth_1
launch_runs impl_1 -to_step write_bitstream -jobs 16
[Wed Jun 11 10:46:28 2025] Launched synth_1...
Run output will be captured here: C:/work/VGA/250605_Face_Recognition/250605_Face_Recognition.runs/synth_1/runme.log
[Wed Jun 11 10:46:28 2025] Launched impl_1...
Run output will be captured here: C:/work/VGA/250605_Face_Recognition/250605_Face_Recognition.runs/impl_1/runme.log
reset_run impl_1 -prev_step 
launch_runs impl_1 -to_step write_bitstream -jobs 16
[Wed Jun 11 10:48:51 2025] Launched impl_1...
Run output will be captured here: C:/work/VGA/250605_Face_Recognition/250605_Face_Recognition.runs/impl_1/runme.log
launch_runs impl_1 -to_step write_bitstream -jobs 16
ERROR: [Common 17-69] Command failed:  Run'impl_1' is already running and cannot be relaunched.
reset_run impl_1 -prev_step 
WARNING: [Vivado 12-1017] Problems encountered:
1. PID not specified

reset_run impl_1 -prev_step 
WARNING: [Vivado 12-1017] Problems encountered:
1. PID not specified

reset_run synth_1
launch_runs impl_1 -to_step write_bitstream -jobs 16
[Wed Jun 11 10:49:15 2025] Launched synth_1...
Run output will be captured here: C:/work/VGA/250605_Face_Recognition/250605_Face_Recognition.runs/synth_1/runme.log
[Wed Jun 11 10:49:15 2025] Launched impl_1...
Run output will be captured here: C:/work/VGA/250605_Face_Recognition/250605_Face_Recognition.runs/impl_1/runme.log
set_property PROBES.FILE {} [get_hw_devices xc7a35t_0]
set_property FULL_PROBES.FILE {} [get_hw_devices xc7a35t_0]
set_property PROGRAM.FILE {C:/work/VGA/250605_Face_Recognition/250605_Face_Recognition.runs/impl_1/TOP_System.bit} [get_hw_devices xc7a35t_0]
program_hw_devices [get_hw_devices xc7a35t_0]
INFO: [Labtools 27-3164] End of startup status: HIGH
refresh_hw_device [lindex [get_hw_devices xc7a35t_0] 0]
INFO: [Labtools 27-1434] Device xc7a35t (JTAG device index = 0) is programmed with a design that has no supported debug core(s) in it.
reset_run synth_1
launch_runs impl_1 -to_step write_bitstream -jobs 16
[Wed Jun 11 11:28:48 2025] Launched synth_1...
Run output will be captured here: C:/work/VGA/250605_Face_Recognition/250605_Face_Recognition.runs/synth_1/runme.log
[Wed Jun 11 11:28:48 2025] Launched impl_1...
Run output will be captured here: C:/work/VGA/250605_Face_Recognition/250605_Face_Recognition.runs/impl_1/runme.log
set_property PROBES.FILE {} [get_hw_devices xc7a35t_0]
set_property FULL_PROBES.FILE {} [get_hw_devices xc7a35t_0]
set_property PROGRAM.FILE {C:/work/VGA/250605_Face_Recognition/250605_Face_Recognition.runs/impl_1/TOP_System.bit} [get_hw_devices xc7a35t_0]
program_hw_devices [get_hw_devices xc7a35t_0]
INFO: [Labtools 27-3164] End of startup status: HIGH
refresh_hw_device [lindex [get_hw_devices xc7a35t_0] 0]
INFO: [Labtools 27-1434] Device xc7a35t (JTAG device index = 0) is programmed with a design that has no supported debug core(s) in it.
reset_run synth_1
launch_runs impl_1 -to_step write_bitstream -jobs 16
[Wed Jun 11 11:35:27 2025] Launched synth_1...
Run output will be captured here: C:/work/VGA/250605_Face_Recognition/250605_Face_Recognition.runs/synth_1/runme.log
[Wed Jun 11 11:35:27 2025] Launched impl_1...
Run output will be captured here: C:/work/VGA/250605_Face_Recognition/250605_Face_Recognition.runs/impl_1/runme.log
reset_run synth_1
WARNING: [Vivado 12-1017] Problems encountered:
1. Failed to delete one or more files in run directory C:/work/VGA/250605_Face_Recognition/250605_Face_Recognition.runs/synth_1

launch_runs impl_1 -to_step write_bitstream -jobs 16
[Wed Jun 11 11:36:41 2025] Launched synth_1...
Run output will be captured here: C:/work/VGA/250605_Face_Recognition/250605_Face_Recognition.runs/synth_1/runme.log
[Wed Jun 11 11:36:41 2025] Launched impl_1...
Run output will be captured here: C:/work/VGA/250605_Face_Recognition/250605_Face_Recognition.runs/impl_1/runme.log
reset_run impl_1
reset_run synth_1
WARNING: [Vivado 12-1017] Problems encountered:
1. Failed to delete one or more files in run directory C:/work/VGA/250605_Face_Recognition/250605_Face_Recognition.runs/synth_1

launch_runs impl_1 -to_step write_bitstream -jobs 16
[Wed Jun 11 11:39:40 2025] Launched synth_1...
Run output will be captured here: C:/work/VGA/250605_Face_Recognition/250605_Face_Recognition.runs/synth_1/runme.log
[Wed Jun 11 11:39:40 2025] Launched impl_1...
Run output will be captured here: C:/work/VGA/250605_Face_Recognition/250605_Face_Recognition.runs/impl_1/runme.log
reset_run synth_1
WARNING: [Vivado 12-1017] Problems encountered:
1. Failed to delete one or more files in run directory C:/work/VGA/250605_Face_Recognition/250605_Face_Recognition.runs/synth_1

launch_runs impl_1 -to_step write_bitstream -jobs 16
[Wed Jun 11 11:42:48 2025] Launched synth_1...
Run output will be captured here: C:/work/VGA/250605_Face_Recognition/250605_Face_Recognition.runs/synth_1/runme.log
[Wed Jun 11 11:42:48 2025] Launched impl_1...
Run output will be captured here: C:/work/VGA/250605_Face_Recognition/250605_Face_Recognition.runs/impl_1/runme.log
reset_run synth_1
WARNING: [Vivado 12-1017] Problems encountered:
1. Failed to delete one or more files in run directory C:/work/VGA/250605_Face_Recognition/250605_Face_Recognition.runs/synth_1

launch_runs impl_1 -to_step write_bitstream -jobs 16
[Wed Jun 11 11:45:13 2025] Launched synth_1...
Run output will be captured here: C:/work/VGA/250605_Face_Recognition/250605_Face_Recognition.runs/synth_1/runme.log
[Wed Jun 11 11:45:13 2025] Launched impl_1...
Run output will be captured here: C:/work/VGA/250605_Face_Recognition/250605_Face_Recognition.runs/impl_1/runme.log
reset_run synth_1
WARNING: [Vivado 12-1017] Problems encountered:
1. Failed to delete one or more files in run directory C:/work/VGA/250605_Face_Recognition/250605_Face_Recognition.runs/synth_1

launch_runs impl_1 -to_step write_bitstream -jobs 16
[Wed Jun 11 11:47:30 2025] Launched synth_1...
Run output will be captured here: C:/work/VGA/250605_Face_Recognition/250605_Face_Recognition.runs/synth_1/runme.log
[Wed Jun 11 11:47:30 2025] Launched impl_1...
Run output will be captured here: C:/work/VGA/250605_Face_Recognition/250605_Face_Recognition.runs/impl_1/runme.log
reset_run synth_1
WARNING: [Vivado 12-1017] Problems encountered:
1. Failed to delete one or more files in run directory C:/work/VGA/250605_Face_Recognition/250605_Face_Recognition.runs/synth_1

launch_runs impl_1 -to_step write_bitstream -jobs 16
[Wed Jun 11 11:56:52 2025] Launched synth_1...
Run output will be captured here: C:/work/VGA/250605_Face_Recognition/250605_Face_Recognition.runs/synth_1/runme.log
[Wed Jun 11 11:56:52 2025] Launched impl_1...
Run output will be captured here: C:/work/VGA/250605_Face_Recognition/250605_Face_Recognition.runs/impl_1/runme.log
reset_run synth_1
WARNING: [Vivado 12-1017] Problems encountered:
1. Failed to delete one or more files in run directory C:/work/VGA/250605_Face_Recognition/250605_Face_Recognition.runs/synth_1

launch_runs impl_1 -to_step write_bitstream -jobs 16
[Wed Jun 11 12:03:37 2025] Launched synth_1...
Run output will be captured here: C:/work/VGA/250605_Face_Recognition/250605_Face_Recognition.runs/synth_1/runme.log
[Wed Jun 11 12:03:37 2025] Launched impl_1...
Run output will be captured here: C:/work/VGA/250605_Face_Recognition/250605_Face_Recognition.runs/impl_1/runme.log
open_run impl_1
INFO: [Device 21-403] Loading part xc7a35tcpg236-1
Netlist sorting complete. Time (s): cpu = 00:00:00 ; elapsed = 00:00:00.072 . Memory (MB): peak = 2933.066 ; gain = 0.000
INFO: [Netlist 29-17] Analyzing 4298 Unisim elements for replacement
INFO: [Netlist 29-28] Unisim Transformation completed in 1 CPU seconds
WARNING: [Netlist 29-101] Netlist 'TOP_System' is not ideal for floorplanning, since the cellview 'frame_uart_sender' contains a large number of primitives.  Please consider enabling hierarchy in synthesis if you want to do floorplanning.
INFO: [Project 1-479] Netlist was created with Vivado 2020.2
INFO: [Project 1-570] Preparing netlist for logic optimization
INFO: [Timing 38-478] Restoring timing data from binary archive.
INFO: [Timing 38-479] Binary timing data restore complete.
INFO: [Project 1-856] Restoring constraints from binary archive.
INFO: [Project 1-853] Binary constraint restore complete.
Reading XDEF placement.
Reading placer database...
Reading XDEF routing.
Read XDEF File: Time (s): cpu = 00:00:02 ; elapsed = 00:00:01 . Memory (MB): peak = 3623.820 ; gain = 9.934
Restored from archive | CPU: 3.000000 secs | Memory: 0.000000 MB |
Finished XDEF File Restore: Time (s): cpu = 00:00:02 ; elapsed = 00:00:01 . Memory (MB): peak = 3623.820 ; gain = 9.934
Netlist sorting complete. Time (s): cpu = 00:00:00 ; elapsed = 00:00:00.003 . Memory (MB): peak = 3623.820 ; gain = 0.000
INFO: [Project 1-111] Unisim Transformation Summary:
No Unisim elements were transformed.

open_run: Time (s): cpu = 00:00:29 ; elapsed = 00:00:22 . Memory (MB): peak = 3811.277 ; gain = 1197.180
CRITICAL WARNING: [Timing 38-282] The design failed to meet the timing requirements. Please see the timing summary report for details on the timing violations.
set_property PROBES.FILE {} [get_hw_devices xc7a35t_0]
set_property FULL_PROBES.FILE {} [get_hw_devices xc7a35t_0]
set_property PROGRAM.FILE {C:/work/VGA/250605_Face_Recognition/250605_Face_Recognition.runs/impl_1/TOP_System.bit} [get_hw_devices xc7a35t_0]
program_hw_devices [get_hw_devices xc7a35t_0]
INFO: [Labtools 27-3164] End of startup status: HIGH
refresh_hw_device [lindex [get_hw_devices xc7a35t_0] 0]
INFO: [Labtools 27-1434] Device xc7a35t (JTAG device index = 0) is programmed with a design that has no supported debug core(s) in it.
ERROR: [Labtoolstcl 44-513] HW Target shutdown. Closing target: localhost:3121/xilinx_tcf/Digilent/210183BB7A2CA
exit
INFO: [Common 17-206] Exiting Vivado at Wed Jun 11 12:08:53 2025...
